help opened at 11:52:09,29 
 opened at 11:52:42,61 
 opened at 11:52:42,72 
 opened at 11:52:42,83 
 opened at 11:52:42,95 
 opened at 11:52:43,06 
 opened at 11:52:43,17 
 opened at 11:52:43,29 
 opened at 11:52:43,40 
 opened at 11:52:43,51 
 opened at 11:52:43,62 
 opened at 11:52:43,74 
 opened at 11:52:43,85 
 opened at 11:52:43,96 
 opened at 11:52:44,07 
 opened at 11:52:44,18 
 opened at 11:52:44,30 
 opened at 11:52:44,41 
 opened at 11:52:44,52 
 opened at 11:52:44,64 
 opened at 11:52:44,75 
 opened at 11:52:44,86 
 opened at 11:52:44,97 
 opened at 11:52:45,09 
 opened at 11:53:17,76 
 opened at 11:53:17,86 
 opened at 11:53:17,96 
 opened at 11:53:18,06 
 opened at 11:53:18,16 
 opened at 11:53:18,27 
 opened at 11:53:18,37 
 opened at 11:53:18,48 
 opened at 11:53:18,58 
 opened at 11:53:18,68 
 opened at 11:53:18,78 
 opened at 11:53:18,89 
 opened at 11:53:18,99 
 opened at 11:53:19,09 
 opened at 11:53:19,19 
 opened at 11:53:19,29 
 opened at 11:53:19,40 
 opened at 11:53:19,50 
 opened at 11:53:19,60 
 opened at 11:53:19,70 
 opened at 11:53:19,81 
 opened at 11:53:19,90 
pkl$google.com opened at 11:53:39,15 
pkl$sasha-duhi.com opened at 16:34:30,27 
pkl$google.com opened at 16:34:47,36 
google.com opened at 19:32:01,50 
sashaduhi opened at 19:32:28,25 
sashaduhi.kimg opened at 19:32:37,72 
gogle opened at 23:13:30,09 
google.com opened at 23:13:37,36 
pks$hello.test opened at 23:15:18,72 
pkl$hello.test.exe opened at 23:15:28,67 
hello.test.exe opened at 23:15:51,99 
hello.test opened at 23:15:56,77 
pkl$BestCMusic.com.bat opened at 23:16:20,52 
